Determining if the pthread_create exist failed with the following output:
Change Dir: /home/somatic_robot/Development/robot_cleaner_ws/src/robot_map_editor/cmake-build-debug/CMakeFiles/CMakeTmp

Run Build Command(s):/usr/bin/make cmTC_e2c70/fast 
/usr/bin/make -f CMakeFiles/cmTC_e2c70.dir/build.make CMakeFiles/cmTC_e2c70.dir/build
make[1]: Entering directory '/home/somatic_robot/Development/robot_cleaner_ws/src/robot_map_editor/cmake-build-debug/CMakeFiles/CMakeTmp'
Building C object CMakeFiles/cmTC_e2c70.dir/CheckSymbolExists.c.o
/usr/bin/cc    -o CMakeFiles/cmTC_e2c70.dir/CheckSymbolExists.c.o   -c /home/somatic_robot/Development/robot_cleaner_ws/src/robot_map_editor/cmake-build-debug/CMakeFiles/CMakeTmp/CheckSymbolExists.c
Linking C executable cmTC_e2c70
/opt/clion-2019.1.2/bin/cmake/linux/bin/cmake -E cmake_link_script CMakeFiles/cmTC_e2c70.dir/link.txt --verbose=1
/usr/bin/cc      -rdynamic CMakeFiles/cmTC_e2c70.dir/CheckSymbolExists.c.o  -o cmTC_e2c70 
CMakeFiles/cmTC_e2c70.dir/CheckSymbolExists.c.o: In function `main':
CheckSymbolExists.c:(.text+0x16): undefined reference to `pthread_create'
collect2: error: ld returned 1 exit status
CMakeFiles/cmTC_e2c70.dir/build.make:86: recipe for target 'cmTC_e2c70' failed
make[1]: *** [cmTC_e2c70] Error 1
make[1]: Leaving directory '/home/somatic_robot/Development/robot_cleaner_ws/src/robot_map_editor/cmake-build-debug/CMakeFiles/CMakeTmp'
Makefile:121: recipe for target 'cmTC_e2c70/fast' failed
make: *** [cmTC_e2c70/fast] Error 2

File /home/somatic_robot/Development/robot_cleaner_ws/src/robot_map_editor/cmake-build-debug/CMakeFiles/CMakeTmp/CheckSymbolExists.c:
/* */
#include <pthread.h>

int main(int argc, char** argv)
{
  (void)argv;
#ifndef pthread_create
  return ((int*)(&pthread_create))[argc];
#else
  (void)argc;
  return 0;
#endif
}

Determining if the function pthread_create exists in the pthreads failed with the following output:
Change Dir: /home/somatic_robot/Development/robot_cleaner_ws/src/robot_map_editor/cmake-build-debug/CMakeFiles/CMakeTmp

Run Build Command(s):/usr/bin/make cmTC_afc1f/fast 
/usr/bin/make -f CMakeFiles/cmTC_afc1f.dir/build.make CMakeFiles/cmTC_afc1f.dir/build
make[1]: Entering directory '/home/somatic_robot/Development/robot_cleaner_ws/src/robot_map_editor/cmake-build-debug/CMakeFiles/CMakeTmp'
Building C object CMakeFiles/cmTC_afc1f.dir/CheckFunctionExists.c.o
/usr/bin/cc   -DCHECK_FUNCTION_EXISTS=pthread_create   -o CMakeFiles/cmTC_afc1f.dir/CheckFunctionExists.c.o   -c /opt/clion-2019.1.2/bin/cmake/linux/share/cmake-3.14/Modules/CheckFunctionExists.c
Linking C executable cmTC_afc1f
/opt/clion-2019.1.2/bin/cmake/linux/bin/cmake -E cmake_link_script CMakeFiles/cmTC_afc1f.dir/link.txt --verbose=1
/usr/bin/cc  -DCHECK_FUNCTION_EXISTS=pthread_create    -rdynamic CMakeFiles/cmTC_afc1f.dir/CheckFunctionExists.c.o  -o cmTC_afc1f -lpthreads 
/usr/bin/ld: cannot find -lpthreads
collect2: error: ld returned 1 exit status
CMakeFiles/cmTC_afc1f.dir/build.make:86: recipe for target 'cmTC_afc1f' failed
make[1]: *** [cmTC_afc1f] Error 1
make[1]: Leaving directory '/home/somatic_robot/Development/robot_cleaner_ws/src/robot_map_editor/cmake-build-debug/CMakeFiles/CMakeTmp'
Makefile:121: recipe for target 'cmTC_afc1f/fast' failed
make: *** [cmTC_afc1f/fast] Error 2


